c:\users\parkhj\desktop\리듬겜\rythm\game\win32project1\win32project1\debug\vc141.pdb
c:\users\parkhj\desktop\리듬겜\rythm\game\win32project1\win32project1\debug\vc141.idb
c:\users\parkhj\desktop\리듬겜\rythm\game\win32project1\win32project1\debug\bmsparser.obj
c:\users\parkhj\desktop\리듬겜\rythm\game\win32project1\win32project1\debug\gamesystem.obj
c:\users\parkhj\desktop\리듬겜\rythm\game\win32project1\win32project1\debug\note.obj
c:\users\parkhj\desktop\리듬겜\rythm\game\win32project1\win32project1\debug\effectmanager.obj
c:\users\parkhj\desktop\리듬겜\rythm\game\win32project1\win32project1\debug\font.obj
c:\users\parkhj\desktop\리듬겜\rythm\game\win32project1\win32project1\debug\gamescene.obj
c:\users\parkhj\desktop\리듬겜\rythm\game\win32project1\win32project1\debug\logoscene.obj
c:\users\parkhj\desktop\리듬겜\rythm\game\win32project1\win32project1\debug\resourcemanager.obj
c:\users\parkhj\desktop\리듬겜\rythm\game\win32project1\win32project1\debug\resultscene.obj
c:\users\parkhj\desktop\리듬겜\rythm\game\win32project1\win32project1\debug\sprite.obj
c:\users\parkhj\desktop\리듬겜\rythm\game\win32project1\win32project1\debug\texture.obj
c:\users\parkhj\desktop\리듬겜\rythm\game\win32project1\win32project1\debug\titlescene.obj
c:\users\parkhj\desktop\리듬겜\rythm\game\win32project1\win32project1\debug\track.obj
c:\users\parkhj\desktop\리듬겜\rythm\game\win32project1\win32project1\debug\main.obj
c:\users\parkhj\desktop\리듬겜\rythm\game\win32project1\win32project1\debug\bar.obj
c:\users\parkhj\desktop\리듬겜\rythm\game\win32project1\win32project1\debug\scene.obj
c:\users\parkhj\desktop\리듬겜\rythm\game\win32project1\win32project1\debug\scenemanager.obj
c:\users\parkhj\desktop\리듬겜\rythm\game\win32project1\win32project1\debug\gamesystem.obj.enc
c:\users\parkhj\desktop\리듬겜\rythm\game\win32project1\win32project1\debug\track.obj.enc
c:\users\parkhj\desktop\리듬겜\rythm\game\win32project1\debug\rythmgame.pdb
c:\users\parkhj\desktop\리듬겜\rythm\game\win32project1\win32project1\debug\rythmgame.tlog\cl.command.1.tlog
c:\users\parkhj\desktop\리듬겜\rythm\game\win32project1\win32project1\debug\rythmgame.tlog\cl.read.1.tlog
c:\users\parkhj\desktop\리듬겜\rythm\game\win32project1\win32project1\debug\rythmgame.tlog\cl.write.1.tlog
c:\users\parkhj\desktop\리듬겜\rythm\game\win32project1\win32project1\debug\rythmgame.tlog\link-cvtres.read.1.tlog
c:\users\parkhj\desktop\리듬겜\rythm\game\win32project1\win32project1\debug\rythmgame.tlog\link-cvtres.write.1.tlog
c:\users\parkhj\desktop\리듬겜\rythm\game\win32project1\win32project1\debug\rythmgame.tlog\link-rc.read.1.tlog
c:\users\parkhj\desktop\리듬겜\rythm\game\win32project1\win32project1\debug\rythmgame.tlog\link-rc.write.1.tlog
c:\users\parkhj\desktop\리듬겜\rythm\game\win32project1\win32project1\debug\rythmgame.tlog\link.14884-cvtres.read.1.tlog
c:\users\parkhj\desktop\리듬겜\rythm\game\win32project1\win32project1\debug\rythmgame.tlog\link.14884-cvtres.write.1.tlog
c:\users\parkhj\desktop\리듬겜\rythm\game\win32project1\win32project1\debug\rythmgame.tlog\link.14884-rc.read.1.tlog
c:\users\parkhj\desktop\리듬겜\rythm\game\win32project1\win32project1\debug\rythmgame.tlog\link.14884-rc.write.1.tlog
c:\users\parkhj\desktop\리듬겜\rythm\game\win32project1\win32project1\debug\rythmgame.tlog\link.14884.read.1.tlog
c:\users\parkhj\desktop\리듬겜\rythm\game\win32project1\win32project1\debug\rythmgame.tlog\link.14884.write.1.tlog
c:\users\parkhj\desktop\리듬겜\rythm\game\win32project1\win32project1\debug\rythmgame.tlog\link.command.1.tlog
c:\users\parkhj\desktop\리듬겜\rythm\game\win32project1\win32project1\debug\rythmgame.tlog\link.read.1.tlog
c:\users\parkhj\desktop\리듬겜\rythm\game\win32project1\win32project1\debug\rythmgame.tlog\link.write.1.tlog
